\BOOKMARK [0][-]{section.0.1}{Contents}{}% 1
\BOOKMARK [0][-]{section.0.2}{List of Figures}{}% 2
\BOOKMARK [0][-]{section.0.3}{List of Tables}{}% 3
\BOOKMARK [0][-]{chapter.1}{Introduction}{}% 4
\BOOKMARK [1][-]{section.1.1}{Motivation}{chapter.1}% 5
\BOOKMARK [1][-]{section.1.2}{Genomic music}{chapter.1}% 6
\BOOKMARK [2][-]{subsection.1.2.1}{Scientific background}{section.1.2}% 7
\BOOKMARK [2][-]{subsection.1.2.2}{Existing projects}{section.1.2}% 8
\BOOKMARK [2][-]{subsection.1.2.3}{Music from the genetic code: what does it mean in 2016?}{section.1.2}% 9
\BOOKMARK [1][-]{section.1.3}{Interdisciplinary concepts: Biology}{chapter.1}% 10
\BOOKMARK [2][-]{subsection.1.3.1}{Basic notions}{section.1.3}% 11
\BOOKMARK [2][-]{subsection.1.3.2}{Multiple Sequence Alignment}{section.1.3}% 12
\BOOKMARK [2][-]{subsection.1.3.3}{Phylogenetics}{section.1.3}% 13
\BOOKMARK [3][-]{section*.4}{Distance matrices}{subsection.1.3.3}% 14
\BOOKMARK [3][-]{section*.5}{Parsimony}{subsection.1.3.3}% 15
\BOOKMARK [3][-]{section*.6}{Bayesian inference??}{subsection.1.3.3}% 16
\BOOKMARK [1][-]{section.1.4}{Interdisciplinary concepts: Music}{chapter.1}% 17
\BOOKMARK [2][-]{subsection.1.4.1}{Basic notions}{section.1.4}% 18
\BOOKMARK [2][-]{subsection.1.4.2}{Dynamics}{section.1.4}% 19
\BOOKMARK [2][-]{subsection.1.4.3}{Families of instruments in the orchestra}{section.1.4}% 20
\BOOKMARK [1][-]{section.1.5}{General Dissertation Structure}{chapter.1}% 21
\BOOKMARK [0][-]{chapter.2}{From code to music}{}% 22
\BOOKMARK [1][-]{section.2.1}{Musical synthesis}{chapter.2}% 23
\BOOKMARK [1][-]{section.2.2}{Classifying music: Zipf's law}{chapter.2}% 24
\BOOKMARK [1][-]{section.2.3}{Mapping code into music}{chapter.2}% 25
\BOOKMARK [2][-]{subsection.2.3.1}{Frequency of occurrence}{section.2.3}% 26
\BOOKMARK [2][-]{subsection.2.3.2}{Distances between words}{section.2.3}% 27
\BOOKMARK [2][-]{subsection.2.3.3}{Dynamics}{section.2.3}% 28
\BOOKMARK [0][-]{chapter.3}{The virtual orchestra}{}% 29
\BOOKMARK [1][-]{section.3.1}{Multiple Sequence Alignment}{chapter.3}% 30
\BOOKMARK [1][-]{section.3.2}{Assigning species to instruments}{chapter.3}% 31
\BOOKMARK [1][-]{section.3.3}{Building the orchestra}{chapter.3}% 32
\BOOKMARK [1][-]{section.3.4}{Data relations: what species exist in this orchestra?}{chapter.3}% 33
\BOOKMARK [0][-]{chapter.4}{Programming environment}{}% 34
\BOOKMARK [1][-]{section.4.1}{Python as a data science language}{chapter.4}% 35
\BOOKMARK [1][-]{section.4.2}{BioPython}{chapter.4}% 36
\BOOKMARK [1][-]{section.4.3}{Data analysis methods}{chapter.4}% 37
\BOOKMARK [0][-]{chapter.5}{Final Application}{}% 38
\BOOKMARK [1][-]{section.5.1}{Interface}{chapter.5}% 39
\BOOKMARK [1][-]{section.5.2}{Tests}{chapter.5}% 40
\BOOKMARK [2][-]{subsection.5.2.1}{Accuracy in building phylogenetic tree}{section.5.2}% 41
\BOOKMARK [2][-]{subsection.5.2.2}{Comparison between different species}{section.5.2}% 42
\BOOKMARK [2][-]{subsection.5.2.3}{Comparison between music mappings}{section.5.2}% 43
\BOOKMARK [2][-]{subsection.5.2.4}{Auditive comparison}{section.5.2}% 44
\BOOKMARK [0][-]{chapter.6}{Results}{}% 45
\BOOKMARK [0][-]{chapter.7}{Conclusions}{}% 46
