\BOOKMARK [0][-]{section.0.1}{Contents}{}% 1
\BOOKMARK [0][-]{section.0.2}{List of Figures}{}% 2
\BOOKMARK [0][-]{section.0.3}{List of Tables}{}% 3
\BOOKMARK [0][-]{chapter.1}{Introdu\347\343o}{}% 4
\BOOKMARK [1][-]{section.1.1}{Op\347\365es}{chapter.1}% 5
\BOOKMARK [1][-]{section.1.2}{Problemas conhecidos}{chapter.1}% 6
\BOOKMARK [0][-]{chapter.2}{Alguns truques \372teis}{}% 7
\BOOKMARK [1][-]{section.2.1}{Mais alguns exemplos, agora sem qualquer explica\347\343o}{chapter.2}% 8
\BOOKMARK [0][-]{chapter.3}{``Fun''}{}% 9
\BOOKMARK [1][-]{section.3.1}{Os primeiros cem n\372meros primos}{chapter.3}% 10
\BOOKMARK [0][-]{chapter.4}{Lixo 2}{}% 11
\BOOKMARK [1][-]{section.4.1}{Lixo 2.1}{chapter.4}% 12
\BOOKMARK [2][-]{subsection.4.1.1}{Lixo 2.1.1}{section.4.1}% 13
\BOOKMARK [2][-]{subsection.4.1.2}{Lixo 2.1.2}{section.4.1}% 14
\BOOKMARK [3][-]{section*.4}{Lixo 2.1.2.1}{subsection.4.1.2}% 15
\BOOKMARK [3][-]{section*.5}{Lixo 2.1.2.2}{subsection.4.1.2}% 16
\BOOKMARK [1][-]{section.4.2}{Lixo 2.2}{chapter.4}% 17
\BOOKMARK [1][-]{section.4.3}{Lixo 2.3}{chapter.4}% 18
\BOOKMARK [2][-]{subsection.4.3.1}{Lixo 2.3.1}{section.4.3}% 19
\BOOKMARK [2][-]{subsection.4.3.2}{Lixo 2.3.2}{section.4.3}% 20
\BOOKMARK [2][-]{subsection.4.3.3}{Lixo 2.3.3}{section.4.3}% 21
\BOOKMARK [2][-]{subsection.4.3.4}{Lixo 2.3.4}{section.4.3}% 22
\BOOKMARK [2][-]{subsection.4.3.5}{Lixo 2.3.5}{section.4.3}% 23
\BOOKMARK [2][-]{subsection.4.3.6}{Lixo 2.3.6}{section.4.3}% 24
\BOOKMARK [1][-]{section.4.4}{Lixo 2.4}{chapter.4}% 25
\BOOKMARK [1][-]{section.4.5}{Lixo 2.5}{chapter.4}% 26
\BOOKMARK [1][-]{section.4.6}{Lixo 2.6}{chapter.4}% 27
\BOOKMARK [0][-]{chapter.5}{Lixo 3}{}% 28
\BOOKMARK [1][-]{section.5.1}{Lixo 3.1}{chapter.5}% 29
\BOOKMARK [2][-]{subsection.5.1.1}{Lixo 3.1.1}{section.5.1}% 30
\BOOKMARK [2][-]{subsection.5.1.2}{Lixo 3.1.2}{section.5.1}% 31
\BOOKMARK [1][-]{section.5.2}{Lixo 3.2}{chapter.5}% 32
\BOOKMARK [1][-]{section.5.3}{Lixo 3.3}{chapter.5}% 33
\BOOKMARK [2][-]{subsection.5.3.1}{Lixo 3.3.1}{section.5.3}% 34
\BOOKMARK [2][-]{subsection.5.3.2}{Lixo 3.3.2}{section.5.3}% 35
\BOOKMARK [2][-]{subsection.5.3.3}{Lixo 3.3.3}{section.5.3}% 36
\BOOKMARK [2][-]{subsection.5.3.4}{Lixo 3.3.4}{section.5.3}% 37
\BOOKMARK [2][-]{subsection.5.3.5}{Lixo 3.3.5}{section.5.3}% 38
\BOOKMARK [1][-]{section.5.4}{Lixo 3.4}{chapter.5}% 39
\BOOKMARK [1][-]{section.5.5}{Lixo 3.5}{chapter.5}% 40
\BOOKMARK [1][-]{section.5.6}{Lixo 3.6}{chapter.5}% 41
\BOOKMARK [1][-]{section.5.7}{Lixo 3.7}{chapter.5}% 42
\BOOKMARK [1][-]{section.5.8}{Lixo 3.8}{chapter.5}% 43
\BOOKMARK [1][-]{section.5.9}{Lixo 3.9}{chapter.5}% 44
\BOOKMARK [0][-]{chapter.6}{Conclus\365es}{}% 45
\BOOKMARK [0][-]{section.6.1}{Bibliography}{}% 46
